\BOOKMARK [0][-]{chapter.1}{\376\377\000I\000n\000t\000r\000o\000d\000u\000c\000t\000i\000o\000n\000\040\000\340\000\040\000P\000y\000t\000h\000o\000n\000\040\000\046\000\040\000i\000P\000y\000t\000h\000o\000n\000\040\000n\000o\000t\000e\000b\000o\000o\000k}{}% 1
\BOOKMARK [1][-]{section.1.1}{\376\377\000I\000n\000t\000r\000o\000d\000u\000c\000t\000i\000o\000n}{chapter.1}% 2
\BOOKMARK [1][-]{section.1.2}{\376\377\000L\000e\000s\000\040\000b\000a\000s\000e\000s\000\040\000e\000n\000\040\000P\000y\000t\000h\000o\000n}{chapter.1}% 3
\BOOKMARK [0][-]{chapter.2}{\376\377\000L\000e\000s\000\040\000l\000i\000s\000t\000e\000s\000\040\000e\000n\000\040\000P\000y\000t\000h\000o\000n}{}% 4
\BOOKMARK [1][-]{section.2.1}{\376\377\000D\000\351\000f\000i\000n\000i\000t\000i\000o\000n\000\040\000e\000t\000\040\000i\000n\000s\000t\000a\000n\000c\000i\000a\000t\000i\000o\000n}{chapter.2}% 5
\BOOKMARK [1][-]{section.2.2}{\376\377\000A\000c\000c\000\351\000d\000e\000r\000\040\000a\000u\000x\000\040\000\351\000l\000\351\000m\000e\000n\000t\000s\000\040\000d\040\031\000u\000n\000e\000\040\000l\000i\000s\000t\000e}{chapter.2}% 6
\BOOKMARK [1][-]{section.2.3}{\376\377\000M\000o\000d\000i\000f\000i\000c\000a\000t\000i\000o\000n\000\040\000d\000e\000\040\000l\000i\000s\000t\000e}{chapter.2}% 7
\BOOKMARK [1][-]{section.2.4}{\376\377\000M\000\351\000t\000h\000o\000d\000e\000s\000\040\000d\000e\000\040\000l\000i\000s\000t\000e}{chapter.2}% 8
\BOOKMARK [1][-]{section.2.5}{\376\377\000F\000o\000n\000c\000t\000i\000o\000n\000s\000\040\000s\000u\000p\000p\000l\000\351\000m\000e\000n\000t\000a\000i\000r\000e\000s}{chapter.2}% 9
\BOOKMARK [0][-]{chapter.3}{\376\377\000B\000o\000o\000l\000\351\000e\000n\000s\000\040\000e\000t\000\040\000t\000e\000s\000t\000s}{}% 10
\BOOKMARK [1][-]{section.3.1}{\376\377\000V\000r\000a\000i\000\040\000o\000u\000\040\000F\000a\000u\000x}{chapter.3}% 11
\BOOKMARK [1][-]{section.3.2}{\376\377\000O\000p\000\351\000r\000a\000t\000i\000o\000n\000s\000\040\000e\000t\000\040\000t\000r\000a\000n\000s\000f\000o\000r\000m\000a\000t\000i\000o\000n}{chapter.3}% 12
\BOOKMARK [1][-]{section.3.3}{\376\377\000T\000a\000b\000l\000e\000\040\000d\000e\000\040\000v\000\351\000r\000i\000t\000\351}{chapter.3}% 13
\BOOKMARK [1][-]{section.3.4}{\376\377\000B\000l\000o\000c\000\040\000d\000e\000\040\000t\000e\000s\000t}{chapter.3}% 14
\BOOKMARK [1][-]{section.3.5}{\376\377\000I\000n\000t\000e\000r\000r\000a\000c\000t\000i\000o\000n\000\040\000a\000v\000e\000c\000\040\000l\040\031\000u\000t\000i\000l\000i\000s\000a\000t\000e\000u\000r}{chapter.3}% 15
\BOOKMARK [0][-]{chapter.4}{\376\377\000B\000o\000u\000c\000l\000e\000s\000\040\000e\000n\000\040\000P\000y\000t\000h\000o\000n}{}% 16
\BOOKMARK [1][-]{section.4.1}{\376\377\000B\000o\000u\000c\000l\000e\000\040\000f\000o\000r}{chapter.4}% 17
\BOOKMARK [1][-]{section.4.2}{\376\377\000B\000o\000u\000c\000l\000e\000\040\000w\000h\000i\000l\000e}{chapter.4}% 18
\BOOKMARK [1][-]{section.4.3}{\376\377\000b\000r\000e\000a\000k\000\040\000e\000t\000\040\000c\000o\000n\000t\000i\000n\000u\000e}{chapter.4}% 19
\BOOKMARK [1][-]{section.4.4}{\376\377\000f\000o\000r\000\040\000v\000s\000.\000\040\000w\000h\000i\000l\000e}{chapter.4}% 20
\BOOKMARK [0][-]{chapter.5}{\376\377\000M\000o\000h\000a\000m\000m\000e\000d\000\040\000a\000l\000-\000K\000h\000w\000a\000r\000i\000z\000m\000i}{}% 21
\BOOKMARK [0][-]{chapter.6}{\376\377\000L\000e\000s\000\040\000a\000l\000g\000o\000r\000i\000t\000h\000m\000e\000s}{}% 22
\BOOKMARK [1][-]{section.6.1}{\376\377\000D\000\351\000f\000i\000n\000i\000t\000i\000o\000n\000s\000\040\000:\000\040\000A\000l\000g\000o\000r\000i\000t\000h\000m\000e\000\040\042\140\000\040\000P\000r\000o\000g\000r\000a\000m\000m\000e}{chapter.6}% 23
\BOOKMARK [1][-]{section.6.2}{\376\377\000I\000n\000g\000r\000\351\000d\000i\000e\000n\000t\000s\000\040\000d\000e\000\040\000b\000a\000s\000e\000\040\000d\000e\000s\000\040\000a\000l\000g\000o\000r\000i\000t\000h\000m\000e\000s\000\040\000e\000n\000\040\000p\000s\000e\000u\000d\000o\000-\000c\000o\000d\000e}{chapter.6}% 24
